<?xml version="1.0" encoding="UTF-8"?>
<!-- Generated by org.testng.reporters.JUnitReportReporter -->
<testsuite skipped="0" hostname="user-PC" name="Academy_3006.HomePage" tests="2" failures="0" timestamp="26 Jul 2020 10:29:36 GMT" time="26.669" errors="0">
  <testcase name="basePageNavigation" time="13.940" classname="Academy_3006.HomePage"/>
  <testcase name="basePageNavigation" time="12.729" classname="Academy_3006.HomePage"/>
</testsuite> <!-- Academy_3006.HomePage -->
