<?xml version="1.0" encoding="UTF-8"?>
<!-- Generated by org.testng.reporters.JUnitReportReporter -->
<testsuite skipped="0" hostname="user-PC" name="Academy_3006.ValidateNavBar" tests="1" failures="0" timestamp="26 Jul 2020 13:39:54 GMT" time="66.696" errors="0">
  <testcase name="validateNavBar" time="66.696" classname="Academy_3006.ValidateNavBar"/>
</testsuite> <!-- Academy_3006.ValidateNavBar -->
