<?xml version="1.0" encoding="UTF-8"?>
<!-- Generated by org.testng.reporters.JUnitReportReporter -->
<testsuite skipped="0" hostname="user-PC" name="Academy_3006.HomePage" tests="2" failures="0" timestamp="26 Jul 2020 13:39:54 GMT" time="84.837" errors="0">
  <testcase name="basePageNavigation" time="74.044" classname="Academy_3006.HomePage"/>
  <testcase name="basePageNavigation" time="10.793" classname="Academy_3006.HomePage"/>
</testsuite> <!-- Academy_3006.HomePage -->
